# JRE version: OpenJDK Runtime Environment (17.0.6) (build 17.0.6+0-b2043.56-9586694)
# Java VM: OpenJDK 64-Bit Server VM (17.0.6+0-b2043.56-9586694, mixed mode, tiered, compressed oops, compressed class ptrs, g1 gc, windows-amd64)
GC Precious Log:
 CPUs: 12 total, 12 available
 Memory: 8013M
 Large Page Support: Disabled
 NUMA Support: Disabled
 Compressed Oops: Enabled (32-bit)
 Heap Region Size: 1M
 Heap Min Capacity: 8M
 Heap Initial Capacity: 126M
 Heap Max Capacity: 2G
 Pre-touch: Disabled
 Parallel Workers: 10
 Concurrent Workers: 3
 Concurrent Refinement Workers: 10
 Periodic GC: Disabled
Heap:
 garbage-first heap   total 96256K, used 65289K [0x0000000080000000, 0x0000000100000000)
  region size 1024K, 13 young (13312K), 1 survivors (1024K)
 Metaspace       used 31002K, committed 31360K, reserved 1081344K
  class space    used 4239K, committed 4416K, reserved 1048576K
GC Heap History (16 events):
Event: 0.544 GC heap before
{Heap before GC invocations=0 (full 0):
 garbage-first heap   total 129024K, used 26624K [0x0000000080000000, 0x0000000100000000)
  region size 1024K, 23 young (23552K), 0 survivors (0K)
 Metaspace       used 10251K, committed 10432K, reserved 1064960K
  class space    used 1061K, committed 1152K, reserved 1048576K
}
Event: 0.550 GC heap after
{Heap after GC invocations=1 (full 0):
 garbage-first heap   total 129024K, used 10533K [0x0000000080000000, 0x0000000100000000)
  region size 1024K, 3 young (3072K), 3 survivors (3072K)
 Metaspace       used 10251K, committed 10432K, reserved 1064960K
  class space    used 1061K, committed 1152K, reserved 1048576K
}
Event: 0.805 GC heap before
{Heap before GC invocations=1 (full 0):
 garbage-first heap   total 129024K, used 39205K [0x0000000080000000, 0x0000000100000000)
  region size 1024K, 30 young (30720K), 3 survivors (3072K)
 Metaspace       used 11204K, committed 11456K, reserved 1064960K
  class space    used 1163K, committed 1280K, reserved 1048576K
}
Event: 0.810 GC heap after
{Heap after GC invocations=2 (full 0):
 garbage-first heap   total 129024K, used 13447K [0x0000000080000000, 0x0000000100000000)
  region size 1024K, 3 young (3072K), 3 survivors (3072K)
 Metaspace       used 11204K, committed 11456K, reserved 1064960K
  class space    used 1163K, committed 1280K, reserved 1048576K
}
Event: 1.428 GC heap before
{Heap before GC invocations=2 (full 0):
 garbage-first heap   total 129024K, used 51335K [0x0000000080000000, 0x0000000100000000)
  region size 1024K, 41 young (41984K), 3 survivors (3072K)
 Metaspace       used 21234K, committed 21504K, reserved 1073152K
  class space    used 2556K, committed 2688K, reserved 1048576K
}
Event: 1.433 GC heap after
{Heap after GC invocations=3 (full 0):
 garbage-first heap   total 129024K, used 18780K [0x0000000080000000, 0x0000000100000000)
  region size 1024K, 8 young (8192K), 8 survivors (8192K)
 Metaspace       used 21234K, committed 21504K, reserved 1073152K
  class space    used 2556K, committed 2688K, reserved 1048576K
}
Event: 1.920 GC heap before
{Heap before GC invocations=4 (full 0):
 garbage-first heap   total 68608K, used 51548K [0x0000000080000000, 0x0000000100000000)
  region size 1024K, 40 young (40960K), 8 survivors (8192K)
 Metaspace       used 26326K, committed 26624K, reserved 1073152K
  class space    used 3455K, committed 3584K, reserved 1048576K
}
Event: 1.927 GC heap after
{Heap after GC invocations=5 (full 0):
 garbage-first heap   total 68608K, used 21646K [0x0000000080000000, 0x0000000100000000)
  region size 1024K, 3 young (3072K), 3 survivors (3072K)
 Metaspace       used 26326K, committed 26624K, reserved 1073152K
  class space    used 3455K, committed 3584K, reserved 1048576K
}
Event: 2.300 GC heap before
{Heap before GC invocations=5 (full 0):
 garbage-first heap   total 68608K, used 52366K [0x0000000080000000, 0x0000000100000000)
  region size 1024K, 24 young (24576K), 3 survivors (3072K)
 Metaspace       used 29393K, committed 29760K, reserved 1081344K
  class space    used 3987K, committed 4160K, reserved 1048576K
}
Event: 2.303 GC heap after
{Heap after GC invocations=6 (full 0):
 garbage-first heap   total 68608K, used 34866K [0x0000000080000000, 0x0000000100000000)
  region size 1024K, 4 young (4096K), 4 survivors (4096K)
 Metaspace       used 29393K, committed 29760K, reserved 1081344K
  class space    used 3987K, committed 4160K, reserved 1048576K
}
Event: 2.322 GC heap before
{Heap before GC invocations=7 (full 0):
 garbage-first heap   total 70656K, used 41010K [0x0000000080000000, 0x0000000100000000)
  region size 1024K, 5 young (5120K), 4 survivors (4096K)
 Metaspace       used 29395K, committed 29760K, reserved 1081344K
  class space    used 3987K, committed 4160K, reserved 1048576K
}
Event: 2.324 GC heap after
{Heap after GC invocations=8 (full 0):
 garbage-first heap   total 84992K, used 41163K [0x0000000080000000, 0x0000000100000000)
  region size 1024K, 1 young (1024K), 1 survivors (1024K)
 Metaspace       used 29395K, committed 29760K, reserved 1081344K
  class space    used 3987K, committed 4160K, reserved 1048576K
}
Event: 2.354 GC heap before
{Heap before GC invocations=9 (full 0):
 garbage-first heap   total 84992K, used 43211K [0x0000000080000000, 0x0000000100000000)
  region size 1024K, 3 young (3072K), 1 survivors (1024K)
 Metaspace       used 29535K, committed 29888K, reserved 1081344K
  class space    used 4012K, committed 4160K, reserved 1048576K
}
Event: 2.354 GC heap after
{Heap after GC invocations=10 (full 0):
 garbage-first heap   total 84992K, used 42789K [0x0000000080000000, 0x0000000100000000)
  region size 1024K, 1 young (1024K), 1 survivors (1024K)
 Metaspace       used 29535K, committed 29888K, reserved 1081344K
  class space    used 4012K, committed 4160K, reserved 1048576K
}
Event: 2.388 GC heap before
{Heap before GC invocations=11 (full 0):
 garbage-first heap   total 92160K, used 53029K [0x0000000080000000, 0x0000000100000000)
  region size 1024K, 2 young (2048K), 1 survivors (1024K)
 Metaspace       used 29535K, committed 29888K, reserved 1081344K
  class space    used 4012K, committed 4160K, reserved 1048576K
}
Event: 2.389 GC heap after
{Heap after GC invocations=12 (full 0):
 garbage-first heap   total 92160K, used 53001K [0x0000000080000000, 0x0000000100000000)
  region size 1024K, 1 young (1024K), 1 survivors (1024K)
 Metaspace       used 29535K, committed 29888K, reserved 1081344K
  class space    used 4012K, committed 4160K, reserved 1048576K
}

